2021-03-01 14:21:42.248  INFO 7908 --- [restartedMain] com.example.demo.DemoApplication         : Starting DemoApplication using Java 1.8.0_221 on LAPTOP-A9GUAQFE with PID 7908 (E:\GitHubWorkSpace\springdemo2\target\classes started by 26390 in E:\GitHubWorkSpace\springdemo2)
2021-03-01 14:21:42.250  INFO 7908 --- [restartedMain] com.example.demo.DemoApplication         : The following profiles are active: dev
2021-03-01 14:21:42.293  INFO 7908 --- [restartedMain] .e.DevToolsPropertyDefaultsPostProcessor : Devtools property defaults active! Set 'spring.devtools.add-properties' to 'false' to disable
2021-03-01 14:21:42.294  INFO 7908 --- [restartedMain] .e.DevToolsPropertyDefaultsPostProcessor : For additional web related logging consider setting the 'logging.level.web' property to 'DEBUG'
2021-03-01 14:21:43.125  INFO 7908 --- [restartedMain] o.s.b.w.embedded.tomcat.TomcatWebServer  : Tomcat initialized with port(s): 8081 (http)
2021-03-01 14:21:43.132  INFO 7908 --- [restartedMain] o.apache.catalina.core.StandardService   : Starting service [Tomcat]
2021-03-01 14:21:43.132  INFO 7908 --- [restartedMain] org.apache.catalina.core.StandardEngine  : Starting Servlet engine: [Apache Tomcat/9.0.43]
2021-03-01 14:21:43.202  INFO 7908 --- [restartedMain] o.a.c.c.C.[Tomcat].[localhost].[/]       : Initializing Spring embedded WebApplicationContext
2021-03-01 14:21:43.202  INFO 7908 --- [restartedMain] w.s.c.ServletWebServerApplicationContext : Root WebApplicationContext: initialization completed in 907 ms
2021-03-01 14:21:43.360  INFO 7908 --- [restartedMain] o.s.s.concurrent.ThreadPoolTaskExecutor  : Initializing ExecutorService 'applicationTaskExecutor'
2021-03-01 14:21:43.484  INFO 7908 --- [restartedMain] o.s.b.d.a.OptionalLiveReloadServer       : LiveReload server is running on port 35729
2021-03-01 14:21:43.519  INFO 7908 --- [restartedMain] o.s.b.w.embedded.tomcat.TomcatWebServer  : Tomcat started on port(s): 8081 (http) with context path ''
2021-03-01 14:21:43.527  INFO 7908 --- [restartedMain] com.example.demo.DemoApplication         : Started DemoApplication in 1.837 seconds (JVM running for 3.378)
2021-03-01 14:21:48.992  INFO 7908 --- [http-nio-8081-exec-1] o.a.c.c.C.[Tomcat].[localhost].[/]       : Initializing Spring DispatcherServlet 'dispatcherServlet'
2021-03-01 14:21:48.992  INFO 7908 --- [http-nio-8081-exec-1] o.s.web.servlet.DispatcherServlet        : Initializing Servlet 'dispatcherServlet'
2021-03-01 14:21:48.993  INFO 7908 --- [http-nio-8081-exec-1] o.s.web.servlet.DispatcherServlet        : Completed initialization in 1 ms
2021-03-01 14:21:49.010  INFO 7908 --- [http-nio-8081-exec-1] com.example.demo.service.UserService     : UserService-addUser,入参,用户json：User{name='龚赞', age=18, sex='男'}
2021-03-01 14:22:34.146  INFO 7908 --- [Thread-6] o.s.s.concurrent.ThreadPoolTaskExecutor  : Shutting down ExecutorService 'applicationTaskExecutor'
2021-03-01 14:22:34.212  INFO 7908 --- [restartedMain] com.example.demo.DemoApplication         : Starting DemoApplication using Java 1.8.0_221 on LAPTOP-A9GUAQFE with PID 7908 (E:\GitHubWorkSpace\springdemo2\target\classes started by 26390 in E:\GitHubWorkSpace\springdemo2)
2021-03-01 14:22:34.212  INFO 7908 --- [restartedMain] com.example.demo.DemoApplication         : The following profiles are active: dev
2021-03-01 14:22:34.406  INFO 7908 --- [restartedMain] o.s.b.w.embedded.tomcat.TomcatWebServer  : Tomcat initialized with port(s): 8081 (http)
2021-03-01 14:22:34.407  INFO 7908 --- [restartedMain] o.apache.catalina.core.StandardService   : Starting service [Tomcat]
2021-03-01 14:22:34.407  INFO 7908 --- [restartedMain] org.apache.catalina.core.StandardEngine  : Starting Servlet engine: [Apache Tomcat/9.0.43]
2021-03-01 14:22:34.437  INFO 7908 --- [restartedMain] o.a.c.c.C.[Tomcat].[localhost].[/]       : Initializing Spring embedded WebApplicationContext
2021-03-01 14:22:34.437  INFO 7908 --- [restartedMain] w.s.c.ServletWebServerApplicationContext : Root WebApplicationContext: initialization completed in 220 ms
2021-03-01 14:22:34.471  INFO 7908 --- [restartedMain] o.s.s.concurrent.ThreadPoolTaskExecutor  : Initializing ExecutorService 'applicationTaskExecutor'
2021-03-01 14:22:34.497  INFO 7908 --- [restartedMain] o.s.b.d.a.OptionalLiveReloadServer       : LiveReload server is running on port 35729
2021-03-01 14:22:34.508  INFO 7908 --- [restartedMain] o.s.b.w.embedded.tomcat.TomcatWebServer  : Tomcat started on port(s): 8081 (http) with context path ''
2021-03-01 14:22:34.511  INFO 7908 --- [restartedMain] com.example.demo.DemoApplication         : Started DemoApplication in 0.334 seconds (JVM running for 54.362)
2021-03-01 14:22:34.513  INFO 7908 --- [restartedMain] .ConditionEvaluationDeltaLoggingListener : Condition evaluation unchanged
2021-03-01 14:22:39.933  INFO 7908 --- [http-nio-8081-exec-2] o.a.c.c.C.[Tomcat].[localhost].[/]       : Initializing Spring DispatcherServlet 'dispatcherServlet'
2021-03-01 14:22:39.935  INFO 7908 --- [http-nio-8081-exec-2] o.s.web.servlet.DispatcherServlet        : Initializing Servlet 'dispatcherServlet'
2021-03-01 14:22:39.936  INFO 7908 --- [http-nio-8081-exec-2] o.s.web.servlet.DispatcherServlet        : Completed initialization in 1 ms
2021-03-01 14:22:39.939  INFO 7908 --- [http-nio-8081-exec-2] com.example.demo.service.UserService     : UserService-addUser,入参,用户json：User{name='龚赞', age=18, sex='男'}
2021-03-01 14:23:42.195  INFO 7908 --- [Thread-9] o.s.s.concurrent.ThreadPoolTaskExecutor  : Shutting down ExecutorService 'applicationTaskExecutor'
2021-03-01 14:23:42.257  INFO 7908 --- [restartedMain] com.example.demo.DemoApplication         : Starting DemoApplication using Java 1.8.0_221 on LAPTOP-A9GUAQFE with PID 7908 (E:\GitHubWorkSpace\springdemo2\target\classes started by 26390 in E:\GitHubWorkSpace\springdemo2)
2021-03-01 14:23:42.257  INFO 7908 --- [restartedMain] com.example.demo.DemoApplication         : No active profile set, falling back to default profiles: default
2021-03-01 14:23:42.417  INFO 7908 --- [restartedMain] o.s.b.w.embedded.tomcat.TomcatWebServer  : Tomcat initialized with port(s): 8080 (http)
2021-03-01 14:23:42.417  INFO 7908 --- [restartedMain] o.apache.catalina.core.StandardService   : Starting service [Tomcat]
2021-03-01 14:23:42.417  INFO 7908 --- [restartedMain] org.apache.catalina.core.StandardEngine  : Starting Servlet engine: [Apache Tomcat/9.0.43]
2021-03-01 14:23:42.437  INFO 7908 --- [restartedMain] o.a.c.c.C.[Tomcat].[localhost].[/]       : Initializing Spring embedded WebApplicationContext
2021-03-01 14:23:42.437  INFO 7908 --- [restartedMain] w.s.c.ServletWebServerApplicationContext : Root WebApplicationContext: initialization completed in 178 ms
2021-03-01 14:23:42.463  INFO 7908 --- [restartedMain] o.s.s.concurrent.ThreadPoolTaskExecutor  : Initializing ExecutorService 'applicationTaskExecutor'
2021-03-01 14:23:42.484  INFO 7908 --- [restartedMain] o.s.b.d.a.OptionalLiveReloadServer       : LiveReload server is running on port 35729
2021-03-01 14:23:42.490  INFO 7908 --- [restartedMain] o.s.b.w.embedded.tomcat.TomcatWebServer  : Tomcat started on port(s): 8080 (http) with context path ''
2021-03-01 14:23:42.496  INFO 7908 --- [restartedMain] com.example.demo.DemoApplication         : Started DemoApplication in 0.267 seconds (JVM running for 122.347)
2021-03-01 14:23:42.497  INFO 7908 --- [restartedMain] .ConditionEvaluationDeltaLoggingListener : Condition evaluation unchanged
2021-03-01 14:23:51.720  INFO 7908 --- [http-nio-8080-exec-1] o.a.c.c.C.[Tomcat].[localhost].[/]       : Initializing Spring DispatcherServlet 'dispatcherServlet'
2021-03-01 14:23:51.721  INFO 7908 --- [http-nio-8080-exec-1] o.s.web.servlet.DispatcherServlet        : Initializing Servlet 'dispatcherServlet'
2021-03-01 14:23:51.722  INFO 7908 --- [http-nio-8080-exec-1] o.s.web.servlet.DispatcherServlet        : Completed initialization in 1 ms
2021-03-01 14:23:51.724  INFO 7908 --- [http-nio-8080-exec-1] com.example.demo.service.UserService     : UserService-addUser,入参,用户json：User{name='龚赞', age=18, sex='男'}
2021-03-01 14:25:04.705  INFO 14952 --- [restartedMain] com.example.demo.DemoApplication         : Starting DemoApplication using Java 1.8.0_221 on LAPTOP-A9GUAQFE with PID 14952 (E:\GitHubWorkSpace\springdemo2\target\classes started by 26390 in E:\GitHubWorkSpace\springdemo2)
2021-03-01 14:25:04.708  INFO 14952 --- [restartedMain] com.example.demo.DemoApplication         : No active profile set, falling back to default profiles: default
2021-03-01 14:25:04.750  INFO 14952 --- [restartedMain] .e.DevToolsPropertyDefaultsPostProcessor : Devtools property defaults active! Set 'spring.devtools.add-properties' to 'false' to disable
2021-03-01 14:25:04.750  INFO 14952 --- [restartedMain] .e.DevToolsPropertyDefaultsPostProcessor : For additional web related logging consider setting the 'logging.level.web' property to 'DEBUG'
2021-03-01 14:25:05.491  INFO 14952 --- [restartedMain] o.s.b.w.embedded.tomcat.TomcatWebServer  : Tomcat initialized with port(s): 8080 (http)
2021-03-01 14:25:05.498  INFO 14952 --- [restartedMain] o.apache.catalina.core.StandardService   : Starting service [Tomcat]
2021-03-01 14:25:05.498  INFO 14952 --- [restartedMain] org.apache.catalina.core.StandardEngine  : Starting Servlet engine: [Apache Tomcat/9.0.43]
2021-03-01 14:25:05.566  INFO 14952 --- [restartedMain] o.a.c.c.C.[Tomcat].[localhost].[/]       : Initializing Spring embedded WebApplicationContext
2021-03-01 14:25:05.566  INFO 14952 --- [restartedMain] w.s.c.ServletWebServerApplicationContext : Root WebApplicationContext: initialization completed in 813 ms
2021-03-01 14:25:05.705  INFO 14952 --- [restartedMain] o.s.s.concurrent.ThreadPoolTaskExecutor  : Initializing ExecutorService 'applicationTaskExecutor'
2021-03-01 14:25:05.841  INFO 14952 --- [restartedMain] o.s.b.d.a.OptionalLiveReloadServer       : LiveReload server is running on port 35729
2021-03-01 14:25:05.872  INFO 14952 --- [restartedMain] o.s.b.w.embedded.tomcat.TomcatWebServer  : Tomcat started on port(s): 8080 (http) with context path ''
2021-03-01 14:25:05.879  INFO 14952 --- [restartedMain] com.example.demo.DemoApplication         : Started DemoApplication in 1.543 seconds (JVM running for 2.952)
2021-03-01 14:25:15.355  INFO 14952 --- [http-nio-8080-exec-1] o.a.c.c.C.[Tomcat].[localhost].[/]       : Initializing Spring DispatcherServlet 'dispatcherServlet'
2021-03-01 14:25:15.355  INFO 14952 --- [http-nio-8080-exec-1] o.s.web.servlet.DispatcherServlet        : Initializing Servlet 'dispatcherServlet'
2021-03-01 14:25:15.356  INFO 14952 --- [http-nio-8080-exec-1] o.s.web.servlet.DispatcherServlet        : Completed initialization in 1 ms
2021-03-01 14:25:15.373  INFO 14952 --- [http-nio-8080-exec-1] com.example.demo.service.UserService     : UserService-addUser,入参,用户json：User{name='龚赞', age=18, sex='男'}
2021-03-01 14:32:00.386  INFO 16656 --- [restartedMain] com.example.demo.DemoApplication         : Starting DemoApplication using Java 1.8.0_221 on LAPTOP-A9GUAQFE with PID 16656 (E:\GitHubWorkSpace\springdemo2\target\classes started by 26390 in E:\GitHubWorkSpace\springdemo2)
2021-03-01 14:32:00.388  INFO 16656 --- [restartedMain] com.example.demo.DemoApplication         : No active profile set, falling back to default profiles: default
2021-03-01 14:32:00.432  INFO 16656 --- [restartedMain] .e.DevToolsPropertyDefaultsPostProcessor : Devtools property defaults active! Set 'spring.devtools.add-properties' to 'false' to disable
2021-03-01 14:32:00.432  INFO 16656 --- [restartedMain] .e.DevToolsPropertyDefaultsPostProcessor : For additional web related logging consider setting the 'logging.level.web' property to 'DEBUG'
2021-03-01 14:32:01.239  INFO 16656 --- [restartedMain] o.s.b.w.embedded.tomcat.TomcatWebServer  : Tomcat initialized with port(s): 8080 (http)
2021-03-01 14:32:01.250  INFO 16656 --- [restartedMain] o.apache.catalina.core.StandardService   : Starting service [Tomcat]
2021-03-01 14:32:01.250  INFO 16656 --- [restartedMain] org.apache.catalina.core.StandardEngine  : Starting Servlet engine: [Apache Tomcat/9.0.43]
2021-03-01 14:32:01.328  INFO 16656 --- [restartedMain] o.a.c.c.C.[Tomcat].[localhost].[/]       : Initializing Spring embedded WebApplicationContext
2021-03-01 14:32:01.329  INFO 16656 --- [restartedMain] w.s.c.ServletWebServerApplicationContext : Root WebApplicationContext: initialization completed in 896 ms
2021-03-01 14:32:01.483  INFO 16656 --- [restartedMain] o.s.s.concurrent.ThreadPoolTaskExecutor  : Initializing ExecutorService 'applicationTaskExecutor'
2021-03-01 14:32:01.619  INFO 16656 --- [restartedMain] o.s.b.d.a.OptionalLiveReloadServer       : LiveReload server is running on port 35729
2021-03-01 14:32:01.652  INFO 16656 --- [restartedMain] o.s.b.w.embedded.tomcat.TomcatWebServer  : Tomcat started on port(s): 8080 (http) with context path ''
2021-03-01 14:32:01.659  INFO 16656 --- [restartedMain] com.example.demo.DemoApplication         : Started DemoApplication in 1.645 seconds (JVM running for 3.053)
2021-03-01 14:32:04.018  INFO 16656 --- [http-nio-8080-exec-1] o.a.c.c.C.[Tomcat].[localhost].[/]       : Initializing Spring DispatcherServlet 'dispatcherServlet'
2021-03-01 14:32:04.018  INFO 16656 --- [http-nio-8080-exec-1] o.s.web.servlet.DispatcherServlet        : Initializing Servlet 'dispatcherServlet'
2021-03-01 14:32:04.019  INFO 16656 --- [http-nio-8080-exec-1] o.s.web.servlet.DispatcherServlet        : Completed initialization in 1 ms
2021-03-01 14:32:04.034  INFO 16656 --- [http-nio-8080-exec-1] com.example.demo.service.UserService     : UserService-addUser,入参,用户json：User{name='龚赞', age=18, sex='男'}
2021-03-01 14:32:41.140  INFO 16656 --- [Thread-6] o.s.s.concurrent.ThreadPoolTaskExecutor  : Shutting down ExecutorService 'applicationTaskExecutor'
